<?xml version="1.0" encoding="UTF-8"?>
<!-- Generated by org.testng.reporters.JUnitXMLReporter -->
<testsuite hostname="welcome-PC" ignored="15" name="Test(failed)" tests="4" failures="4" timestamp="11 Mar 2018 17:53:21 GMT" time="232.975" errors="0">
  <testcase name="duplicateLead" time="36.561" classname="testcases.TC006_DuplicateLead">
    <failure type="java.lang.RuntimeException">
      <![CDATA[java.lang.RuntimeException
	at utils.Reporter.reportStep(Reporter.java:61)
	at utils.Reporter.reportStep(Reporter.java:71)
	at wdMethods.SeMethods.verifyExactText(SeMethods.java:224)
	at pages.ViewLeadsPage.verifyFirstName(ViewLeadsPage.java:30)
	at testcases.TC006_DuplicateLead.duplicateLead(TC006_DuplicateLead.java:39)
... Removed 25 stack frames]]>
    </failure>
  </testcase> <!-- duplicateLead -->
  <testcase name="duplicateLead" time="37.011" classname="testcases.TC006_DuplicateLead">
    <failure type="java.lang.RuntimeException">
      <![CDATA[java.lang.RuntimeException
	at utils.Reporter.reportStep(Reporter.java:61)
	at utils.Reporter.reportStep(Reporter.java:71)
	at wdMethods.SeMethods.verifyExactText(SeMethods.java:224)
	at pages.ViewLeadsPage.verifyFirstName(ViewLeadsPage.java:30)
	at testcases.TC006_DuplicateLead.duplicateLead(TC006_DuplicateLead.java:39)
... Removed 25 stack frames]]>
    </failure>
  </testcase> <!-- duplicateLead -->
  <testcase name="mergeLead" time="51.738" classname="testcases.TC007_MergeLead">
    <failure type="java.lang.RuntimeException">
      <![CDATA[java.lang.RuntimeException
	at utils.Reporter.reportStep(Reporter.java:61)
	at utils.Reporter.reportStep(Reporter.java:71)
	at wdMethods.SeMethods.getText(SeMethods.java:159)
	at pages.FindLeadsWindowPage.getMergeToLeadFirstName(FindLeadsWindowPage.java:54)
	at testcases.TC007_MergeLead.mergeLead(TC007_MergeLead.java:43)
... Removed 25 stack frames]]>
    </failure>
  </testcase> <!-- mergeLead -->
  <testcase name="mergeLead" time="54.033" classname="testcases.TC007_MergeLead">
    <failure type="java.lang.RuntimeException">
      <![CDATA[java.lang.RuntimeException
	at utils.Reporter.reportStep(Reporter.java:61)
	at utils.Reporter.reportStep(Reporter.java:71)
	at wdMethods.SeMethods.getText(SeMethods.java:159)
	at pages.FindLeadsWindowPage.getMergeToLeadFirstName(FindLeadsWindowPage.java:54)
	at testcases.TC007_MergeLead.mergeLead(TC007_MergeLead.java:43)
... Removed 25 stack frames]]>
    </failure>
  </testcase> <!-- mergeLead -->
  <testcase name="@AfterTest afterTest" time="0.0" classname="wdMethods.ProjectMethods">
    <ignored/>
  </testcase> <!-- @AfterTest afterTest -->
  <testcase name="@AfterTest afterTest" time="0.0" classname="wdMethods.ProjectMethods">
    <ignored/>
  </testcase> <!-- @AfterTest afterTest -->
  <testcase name="@AfterTest afterTest" time="0.0" classname="wdMethods.ProjectMethods">
    <ignored/>
  </testcase> <!-- @AfterTest afterTest -->
  <testcase name="@AfterTest afterTest" time="0.0" classname="wdMethods.ProjectMethods">
    <ignored/>
  </testcase> <!-- @AfterTest afterTest -->
  <testcase name="@BeforeSuite beforeSuite" time="0.0" classname="wdMethods.ProjectMethods">
    <ignored/>
  </testcase> <!-- @BeforeSuite beforeSuite -->
  <testcase name="@BeforeSuite beforeSuite" time="0.0" classname="wdMethods.ProjectMethods">
    <ignored/>
  </testcase> <!-- @BeforeSuite beforeSuite -->
  <testcase name="@BeforeSuite beforeSuite" time="0.0" classname="wdMethods.ProjectMethods">
    <ignored/>
  </testcase> <!-- @BeforeSuite beforeSuite -->
  <testcase name="@BeforeSuite beforeSuite" time="0.0" classname="wdMethods.ProjectMethods">
    <ignored/>
  </testcase> <!-- @BeforeSuite beforeSuite -->
  <testcase name="deleteLead" time="0.0" classname="testcases.TC004_DeleteLead">
    <ignored/>
  </testcase> <!-- deleteLead -->
  <testcase name="createLead" time="0.0" classname="testcases.TC003_CreateLead">
    <ignored/>
  </testcase> <!-- createLead -->
  <testcase name="@AfterSuite afterSuite" time="0.0" classname="wdMethods.ProjectMethods">
    <ignored/>
  </testcase> <!-- @AfterSuite afterSuite -->
  <testcase name="@AfterSuite afterSuite" time="0.0" classname="wdMethods.ProjectMethods">
    <ignored/>
  </testcase> <!-- @AfterSuite afterSuite -->
  <testcase name="@AfterSuite afterSuite" time="0.0" classname="wdMethods.ProjectMethods">
    <ignored/>
  </testcase> <!-- @AfterSuite afterSuite -->
  <testcase name="@AfterSuite afterSuite" time="0.0" classname="wdMethods.ProjectMethods">
    <ignored/>
  </testcase> <!-- @AfterSuite afterSuite -->
  <testcase name="editLead" time="0.0" classname="testcases.TC005_EditLead">
    <ignored/>
  </testcase> <!-- editLead -->
</testsuite> <!-- Test(failed) -->
